<?xml version="1.0" encoding="UTF-8"?>
<!-- Generated by org.testng.reporters.JUnitReportReporter -->
<testsuite hostname="LAPTOP-DGILBU4I" failures="0" tests="2" name="TestCases.QALegendUserMyProfileTest" time="44.188" errors="0" timestamp="2025-05-03T16:35:19 IST" skipped="0">
  <testcase classname="TestCases.QALegendUserMyProfileTest" name="userMyProfileOption" time="26.627"/>
  <testcase classname="TestCases.QALegendUserMyProfileTest" name="approveLeave" time="17.561"/>
</testsuite> <!-- TestCases.QALegendUserMyProfileTest -->
