<?xml version="1.0" encoding="UTF-8"?>
<!-- Generated by org.testng.reporters.JUnitReportReporter -->
<testsuite hostname="LAPTOP-DGILBU4I" failures="0" tests="1" name="TestCases.QALegendAddEventTest" time="20.968" errors="0" timestamp="2025-05-03T16:35:19 IST" skipped="0">
  <testcase classname="TestCases.QALegendAddEventTest" name="addEventUsingQuickAdd" time="20.968"/>
</testsuite> <!-- TestCases.QALegendAddEventTest -->
