<?xml version="1.0" encoding="UTF-8"?>
<!-- Generated by org.testng.reporters.JUnitReportReporter -->
<testsuite hostname="LAPTOP-DGILBU4I" failures="0" tests="1" name="TestCases.QALegendAddTicketsTest" time="18.480" errors="0" timestamp="2025-05-06T20:18:02 IST" skipped="0">
  <testcase classname="TestCases.QALegendAddTicketsTest" name="ticketsMessagePost" time="18.480"/>
</testsuite> <!-- TestCases.QALegendAddTicketsTest -->
