<?xml version="1.0" encoding="UTF-8"?>
<!-- Generated by org.testng.reporters.JUnitReportReporter -->
<testsuite hostname="LAPTOP-DGILBU4I" failures="0" tests="1" name="TestCases.QALegendUserMyProfileTest" time="17.081" errors="0" timestamp="2025-05-06T20:33:02 IST" skipped="0">
  <testcase classname="TestCases.QALegendUserMyProfileTest" name="approveLeave" time="17.081"/>
</testsuite> <!-- TestCases.QALegendUserMyProfileTest -->
