<?xml version="1.0" encoding="UTF-8"?>
<!-- Generated by org.testng.reporters.JUnitReportReporter -->
<testsuite hostname="LAPTOP-DGILBU4I" failures="0" tests="3" name="TestCases.QALegendProjectsTest" time="50.535" errors="0" timestamp="2025-05-07T21:28:37 IST" skipped="0">
  <testcase classname="TestCases.QALegendProjectsTest" name="addNewProjects" time="13.399"/>
  <testcase classname="TestCases.QALegendProjectsTest" name="addNewProjectsEdit" time="12.119"/>
  <testcase classname="TestCases.QALegendProjectsTest" name="projectStatusChangeandDelete" time="25.017"/>
</testsuite> <!-- TestCases.QALegendProjectsTest -->
