<?xml version="1.0" encoding="UTF-8"?>
<!-- Generated by org.testng.reporters.JUnitReportReporter -->
<testsuite hostname="LAPTOP-DGILBU4I" failures="0" tests="3" name="TestCases.QALegendProjectsTest" time="34.521" errors="0" timestamp="2025-05-08T13:54:26 IST" skipped="0">
  <testcase classname="TestCases.QALegendProjectsTest" name="addNewProjects" time="9.542"/>
  <testcase classname="TestCases.QALegendProjectsTest" name="editNewlyAddedProject" time="13.465"/>
  <testcase classname="TestCases.QALegendProjectsTest" name="changeProjectStatusAndDeleteProject" time="11.514"/>
</testsuite> <!-- TestCases.QALegendProjectsTest -->
