<?xml version="1.0" encoding="UTF-8"?>
<!-- Generated by org.testng.reporters.JUnitReportReporter -->
<testsuite hostname="LAPTOP-DGILBU4I" failures="0" tests="2" name="TestCases.QALegendUserMyProfileTest" time="53.613" errors="0" timestamp="2025-05-07T21:28:37 IST" skipped="0">
  <testcase classname="TestCases.QALegendUserMyProfileTest" name="userMyProfileOption" time="14.126"/>
  <testcase classname="TestCases.QALegendUserMyProfileTest" name="approveLeave" time="39.487"/>
</testsuite> <!-- TestCases.QALegendUserMyProfileTest -->
