<?xml version="1.0" encoding="UTF-8"?>
<!-- Generated by org.testng.reporters.JUnitReportReporter -->
<testsuite hostname="LAPTOP-DGILBU4I" failures="0" tests="1" name="TestCases.QALegendAddMemberTest" time="13.658" errors="0" timestamp="2025-05-07T20:57:40 IST" skipped="0">
  <testcase classname="TestCases.QALegendAddMemberTest" name="addTeamMember" time="13.658"/>
</testsuite> <!-- TestCases.QALegendAddMemberTest -->
