<?xml version="1.0" encoding="UTF-8"?>
<!-- Generated by org.testng.reporters.JUnitReportReporter -->
<testsuite hostname="LAPTOP-DGILBU4I" failures="0" tests="4" name="TestCases.QALegendAddTicketsTest" time="44.862" errors="0" timestamp="2025-05-07T20:57:40 IST" skipped="0">
  <testcase classname="TestCases.QALegendAddTicketsTest" name="addNewTicket" time="12.148"/>
  <testcase classname="TestCases.QALegendAddTicketsTest" name="assigningTicket" time="9.939"/>
  <testcase classname="TestCases.QALegendAddTicketsTest" name="markasClosedTicket" time="10.077"/>
  <testcase classname="TestCases.QALegendAddTicketsTest" name="ticketsMessagePost" time="12.698"/>
</testsuite> <!-- TestCases.QALegendAddTicketsTest -->
