<?xml version="1.0" encoding="UTF-8"?>
<!-- Generated by org.testng.reporters.JUnitReportReporter -->
<testsuite hostname="LAPTOP-DGILBU4I" failures="0" tests="3" name="TestCases.QALegendProjectsTest" time="34.977" errors="0" timestamp="2025-05-07T20:57:40 IST" skipped="0">
  <testcase classname="TestCases.QALegendProjectsTest" name="addNewProjects" time="9.326"/>
  <testcase classname="TestCases.QALegendProjectsTest" name="addNewProjectsEdit" time="13.893"/>
  <testcase classname="TestCases.QALegendProjectsTest" name="projectStatusChangeandDelete" time="11.758"/>
</testsuite> <!-- TestCases.QALegendProjectsTest -->
