<?xml version="1.0" encoding="UTF-8"?>
<!-- Generated by org.testng.reporters.JUnitReportReporter -->
<testsuite hostname="LAPTOP-DGILBU4I" failures="0" tests="4" name="TestCases.QALegendAddTicketsTest" time="50.258" errors="0" timestamp="2025-05-08T13:54:26 IST" skipped="0">
  <testcase classname="TestCases.QALegendAddTicketsTest" name="addNewTicket" time="12.085"/>
  <testcase classname="TestCases.QALegendAddTicketsTest" name="assigningTicket" time="10.410"/>
  <testcase classname="TestCases.QALegendAddTicketsTest" name="markasClosedTicket" time="13.002"/>
  <testcase classname="TestCases.QALegendAddTicketsTest" name="postticketsMessage" time="14.761"/>
</testsuite> <!-- TestCases.QALegendAddTicketsTest -->
