<?xml version="1.0" encoding="UTF-8"?>
<!-- Generated by org.testng.reporters.JUnitReportReporter -->
<testsuite hostname="LAPTOP-DGILBU4I" failures="0" tests="4" name="TestCases.QALegendAddTicketsTest" time="110.711" errors="0" timestamp="2025-05-03T16:35:19 IST" skipped="0">
  <testcase classname="TestCases.QALegendAddTicketsTest" name="assigningTicket" time="27.042"/>
  <testcase classname="TestCases.QALegendAddTicketsTest" name="addNewTicket" time="30.806"/>
  <testcase classname="TestCases.QALegendAddTicketsTest" name="markasClosedTicket" time="25.989"/>
  <testcase classname="TestCases.QALegendAddTicketsTest" name="ticketsMessagePost" time="26.874"/>
</testsuite> <!-- TestCases.QALegendAddTicketsTest -->
