<?xml version="1.0" encoding="UTF-8"?>
<!-- Generated by org.testng.reporters.JUnitReportReporter -->
<testsuite hostname="LAPTOP-DGILBU4I" failures="0" tests="1" name="TestCases.QALegendTicketsTest" time="49.239" errors="0" timestamp="2025-04-25T21:09:16 IST" skipped="0">
  <testcase classname="TestCases.QALegendTicketsTest" name="addTeamMember" time="49.239"/>
</testsuite> <!-- TestCases.QALegendTicketsTest -->
