<?xml version="1.0" encoding="UTF-8"?>
<!-- Generated by org.testng.reporters.JUnitReportReporter -->
<testsuite hostname="LAPTOP-DGILBU4I" failures="0" tests="2" name="TestCases.QALegendUserMyProfileTest" time="23.703" errors="0" timestamp="2025-05-07T20:57:40 IST" skipped="0">
  <testcase classname="TestCases.QALegendUserMyProfileTest" name="userMyProfileOption" time="13.006"/>
  <testcase classname="TestCases.QALegendUserMyProfileTest" name="approveLeave" time="10.697"/>
</testsuite> <!-- TestCases.QALegendUserMyProfileTest -->
