<?xml version="1.0" encoding="UTF-8"?>
<!-- Generated by org.testng.reporters.JUnitReportReporter -->
<testsuite hostname="LAPTOP-DGILBU4I" failures="0" tests="2" name="TestCases.QALegendUserMyProfileTest" time="21.965" errors="0" timestamp="2025-05-08T13:54:26 IST" skipped="0">
  <testcase classname="TestCases.QALegendUserMyProfileTest" name="clickOnUserProfileAndApplyLeave" time="10.640"/>
  <testcase classname="TestCases.QALegendUserMyProfileTest" name="approveLeave" time="11.325"/>
</testsuite> <!-- TestCases.QALegendUserMyProfileTest -->
